[1017/064054.390:ERROR:directory_reader_win.cc(43)] FindFirstFile: The system cannot find the path specified. (0x3)
[1017/142327.670:ERROR:directory_reader_win.cc(43)] FindFirstFile: The system cannot find the path specified. (0x3)
[1018/150412.890:ERROR:directory_reader_win.cc(43)] FindFirstFile: The system cannot find the path specified. (0x3)
[1019/025533.320:ERROR:directory_reader_win.cc(43)] FindFirstFile: The system cannot find the path specified. (0x3)
[1020/050054.584:ERROR:directory_reader_win.cc(43)] FindFirstFile: The system cannot find the path specified. (0x3)
[1020/132907.670:ERROR:directory_reader_win.cc(43)] FindFirstFile: The system cannot find the path specified. (0x3)
[1020/214431.369:ERROR:directory_reader_win.cc(43)] FindFirstFile: The system cannot find the path specified. (0x3)
[1020/230554.220:ERROR:process_reader_win.cc(151)] SuspendThread: Access is denied. (0x5)
[1020/230554.220:ERROR:process_reader_win.cc(151)] SuspendThread: Access is denied. (0x5)
[1020/230554.229:ERROR:process_reader_win.cc(151)] SuspendThread: Access is denied. (0x5)
[1020/230554.229:ERROR:process_reader_win.cc(151)] SuspendThread: Access is denied. (0x5)
[1020/230554.229:ERROR:process_reader_win.cc(151)] SuspendThread: Access is denied. (0x5)
[1020/230554.231:ERROR:process_reader_win.cc(151)] SuspendThread: Access is denied. (0x5)
[1020/230554.352:ERROR:process_reader_win.cc(151)] SuspendThread: Access is denied. (0x5)
[1020/230554.352:ERROR:process_reader_win.cc(151)] SuspendThread: Access is denied. (0x5)
[1020/230554.352:ERROR:process_reader_win.cc(151)] SuspendThread: Access is denied. (0x5)
[1020/230554.360:ERROR:process_reader_win.cc(151)] SuspendThread: Access is denied. (0x5)
[1020/230554.360:ERROR:exception_snapshot_win.cc(99)] thread ID 10176 not found in process
[1020/230554.370:ERROR:process_reader_win.cc(151)] SuspendThread: Access is denied. (0x5)
[1020/230554.370:ERROR:process_reader_win.cc(151)] SuspendThread: Access is denied. (0x5)
[1020/230554.382:ERROR:process_reader_win.cc(151)] SuspendThread: Access is denied. (0x5)
[1020/230554.382:ERROR:process_reader_win.cc(151)] SuspendThread: Access is denied. (0x5)
[1020/230554.231:ERROR:process_reader_win.cc(123)] NtOpenThread: {Access Denied} A process has requested access to an object, but has not been granted those access rights. (0xc0000022)
[1020/230554.806:ERROR:exception_snapshot_win.cc(99)] thread ID 1148 not found in process
[1020/230554.806:ERROR:scoped_process_suspend.cc(40)] NtResumeProcess: An attempt was made to access an exiting process. (0xc000010a)
[1020/230554.220:ERROR:process_reader_win.cc(123)] NtOpenThread: {Access Denied} A process has requested access to an object, but has not been granted those access rights. (0xc0000022)
[1020/230554.806:ERROR:exception_snapshot_win.cc(99)] thread ID 7324 not found in process
[1020/230554.231:ERROR:process_reader_win.cc(123)] NtOpenThread: {Access Denied} A process has requested access to an object, but has not been granted those access rights. (0xc0000022)
[1020/230554.806:ERROR:exception_snapshot_win.cc(99)] thread ID 12412 not found in process
[1020/230554.352:ERROR:process_reader_win.cc(123)] NtOpenThread: {Access Denied} A process has requested access to an object, but has not been granted those access rights. (0xc0000022)
[1020/230554.806:ERROR:exception_snapshot_win.cc(99)] thread ID 2188 not found in process
[1020/230554.370:ERROR:process_reader_win.cc(123)] NtOpenThread: {Access Denied} A process has requested access to an object, but has not been granted those access rights. (0xc0000022)
[1020/230554.806:ERROR:exception_snapshot_win.cc(99)] thread ID 13104 not found in process
[1020/230554.382:ERROR:process_reader_win.cc(123)] NtOpenThread: {Access Denied} A process has requested access to an object, but has not been granted those access rights. (0xc0000022)
[1020/230554.806:ERROR:exception_snapshot_win.cc(99)] thread ID 12456 not found in process
[1020/230554.229:ERROR:process_reader_win.cc(123)] NtOpenThread: {Access Denied} A process has requested access to an object, but has not been granted those access rights. (0xc0000022)
[1020/230554.814:ERROR:exception_snapshot_win.cc(99)] thread ID 11852 not found in process
[1020/230554.231:ERROR:process_reader_win.cc(123)] NtOpenThread: {Access Denied} A process has requested access to an object, but has not been granted those access rights. (0xc0000022)
[1020/230554.865:ERROR:exception_snapshot_win.cc(99)] thread ID 12700 not found in process
[1022/011958.571:ERROR:directory_reader_win.cc(43)] FindFirstFile: The system cannot find the path specified. (0x3)
[1022/082321.294:ERROR:process_reader_win.cc(123)] NtOpenThread: {Access Denied} A process has requested access to an object, but has not been granted those access rights. (0xc0000022)
[1022/082321.294:ERROR:process_reader_win.cc(123)] NtOpenThread: {Access Denied} A process has requested access to an object, but has not been granted those access rights. (0xc0000022)
[1022/082321.325:ERROR:exception_snapshot_win.cc(99)] thread ID 1312 not found in process
[1022/082321.325:ERROR:exception_snapshot_win.cc(99)] thread ID 9844 not found in process
[1022/082321.294:ERROR:process_reader_win.cc(123)] NtOpenThread: {Access Denied} A process has requested access to an object, but has not been granted those access rights. (0xc0000022)
[1022/082321.294:ERROR:process_reader_win.cc(123)] NtOpenThread: {Access Denied} A process has requested access to an object, but has not been granted those access rights. (0xc0000022)
[1022/082321.294:ERROR:process_reader_win.cc(123)] NtOpenThread: {Access Denied} A process has requested access to an object, but has not been granted those access rights. (0xc0000022)
[1022/082321.325:ERROR:exception_snapshot_win.cc(99)] thread ID 3344 not found in process
[1022/082321.325:ERROR:exception_snapshot_win.cc(99)] thread ID 12380 not found in process
[1022/082321.325:ERROR:exception_snapshot_win.cc(99)] thread ID 14780 not found in process
[1022/162133.155:ERROR:directory_reader_win.cc(43)] FindFirstFile: The system cannot find the path specified. (0x3)
[1023/121126.256:ERROR:directory_reader_win.cc(43)] FindFirstFile: The system cannot find the path specified. (0x3)
